<?xml version="1.0" encoding="UTF-8"?>
<!-- Generated by org.testng.reporters.JUnitReportReporter -->
<testsuite skipped="0" hostname="sdatta" name="com.training.sanity.tests.RETC_043" tests="1" failures="0" timestamp="03 Jul 2019 19:42:06 GMT" time="79.936" errors="0">
  <testcase name="RETC_045" time="79.936" classname="com.training.sanity.tests.RETC_043"/>
</testsuite> <!-- com.training.sanity.tests.RETC_043 -->
