<?xml version="1.0" encoding="UTF-8"?>
<!-- Generated by org.testng.reporters.JUnitReportReporter -->
<testsuite skipped="0" hostname="sdatta" name="com.training.sanity.tests.RETC_014" tests="1" failures="0" timestamp="26 Jun 2019 02:56:08 GMT" time="102.084" errors="0">
  <testcase name="RETC_014" time="102.084" classname="com.training.sanity.tests.RETC_014"/>
</testsuite> <!-- com.training.sanity.tests.RETC_014 -->
