<?xml version="1.0" encoding="UTF-8"?>
<!-- Generated by org.testng.reporters.JUnitReportReporter -->
<testsuite skipped="0" hostname="sdatta" name="com.training.regression.tests.LoginExcelTest" tests="2" failures="0" timestamp="11 Jul 2019 05:48:43 GMT" time="315.982" errors="0">
  <testcase name="loginDBTest" time="170.283" classname="com.training.regression.tests.LoginExcelTest"/>
  <testcase name="loginDBTest" time="145.699" classname="com.training.regression.tests.LoginExcelTest"/>
</testsuite> <!-- com.training.regression.tests.LoginExcelTest -->
