<?xml version="1.0" encoding="UTF-8"?>
<!-- Generated by org.testng.reporters.JUnitReportReporter -->
<testsuite skipped="0" hostname="sdatta" name="com.training.sanity.tests.LoginTests_RETC_011" tests="1" failures="0" timestamp="03 Jul 2019 10:42:08 GMT" time="37.104" errors="0">
  <testcase name="Test_RETC_011" time="37.104" classname="com.training.sanity.tests.LoginTests_RETC_011"/>
</testsuite> <!-- com.training.sanity.tests.LoginTests_RETC_011 -->
