<?xml version="1.0" encoding="UTF-8"?>
<!-- Generated by org.testng.reporters.JUnitReportReporter -->
<testsuite skipped="0" hostname="sdatta" name="com.training.sanity.tests.RETC_013" tests="1" failures="0" timestamp="26 Jun 2019 03:02:20 GMT" time="90.672" errors="0">
  <testcase name="Test_RETC_013" time="90.672" classname="com.training.sanity.tests.RETC_013"/>
</testsuite> <!-- com.training.sanity.tests.RETC_013 -->
