<?xml version="1.0" encoding="UTF-8"?>
<!-- Generated by org.testng.reporters.JUnitReportReporter -->
<testsuite skipped="0" hostname="sdatta" name="com.training.sanity.tests.RETC_042" tests="1" failures="0" timestamp="30 Jun 2019 14:53:01 GMT" time="80.290" errors="0">
  <testcase name="RETC_042" time="80.290" classname="com.training.sanity.tests.RETC_042"/>
</testsuite> <!-- com.training.sanity.tests.RETC_042 -->
