<?xml version="1.0" encoding="UTF-8"?>
<!-- Generated by org.testng.reporters.JUnitReportReporter -->
<testsuite skipped="0" hostname="sdatta" name="com.training.sanity.tests.config" tests="1" failures="0" timestamp="02 Jul 2019 10:23:28 GMT" time="24.840" errors="0">
  <testcase name="setUp" time="24.840" classname="com.training.sanity.tests.config"/>
</testsuite> <!-- com.training.sanity.tests.config -->
