<?xml version="1.0" encoding="UTF-8"?>
<!-- Generated by org.testng.reporters.JUnitReportReporter -->
<testsuite skipped="0" hostname="sdatta" name="com.training.sanity.tests.RETC_074" tests="3" failures="0" timestamp="17 Jul 2019 11:17:58 GMT" time="289.791" errors="0">
  <testcase name="RETC_074" time="97.188" classname="com.training.sanity.tests.RETC_074"/>
  <testcase name="RETC_074" time="93.361" classname="com.training.sanity.tests.RETC_074"/>
  <testcase name="RETC_074" time="99.242" classname="com.training.sanity.tests.RETC_074"/>
</testsuite> <!-- com.training.sanity.tests.RETC_074 -->
