<?xml version="1.0" encoding="UTF-8"?>
<!-- Generated by org.testng.reporters.JUnitReportReporter -->
<testsuite skipped="0" hostname="sdatta" name="com.training.sanity.tests.tc44_simpleFeatureCheck" tests="1" failures="0" timestamp="09 Jul 2019 09:10:08 GMT" time="44.829" errors="0">
  <testcase name="tc44" time="44.829" classname="com.training.sanity.tests.tc44_simpleFeatureCheck"/>
</testsuite> <!-- com.training.sanity.tests.tc44_simpleFeatureCheck -->
