<?xml version="1.0" encoding="UTF-8"?>
<!-- Generated by org.testng.reporters.JUnitReportReporter -->
<testsuite skipped="0" hostname="sdatta" name="com.training.sanity.tests.RETC_044" tests="1" failures="0" timestamp="09 Jul 2019 10:40:28 GMT" time="105.893" errors="0">
  <testcase name="RETC_045" time="105.893" classname="com.training.sanity.tests.RETC_044"/>
</testsuite> <!-- com.training.sanity.tests.RETC_044 -->
