<?xml version="1.0" encoding="UTF-8"?>
<!-- Generated by org.testng.reporters.JUnitReportReporter -->
<testsuite skipped="0" hostname="sdatta" name="com.training.sanity.tests.RETC_45_Updated" tests="1" failures="0" timestamp="09 Jul 2019 10:49:27 GMT" time="122.907" errors="0">
  <testcase name="Region" time="122.907" classname="com.training.sanity.tests.RETC_45_Updated"/>
</testsuite> <!-- com.training.sanity.tests.RETC_45_Updated -->
