<?xml version="1.0" encoding="UTF-8"?>
<!-- Generated by org.testng.reporters.JUnitReportReporter -->
<testsuite skipped="0" hostname="sdatta" name="com.training.sanity.tests.RETC_041" tests="1" failures="0" timestamp="05 Jul 2019 10:33:20 GMT" time="66.197" errors="0">
  <testcase name="RETC_041" time="66.197" classname="com.training.sanity.tests.RETC_041"/>
</testsuite> <!-- com.training.sanity.tests.RETC_041 -->
